{"/Users/brenobattaglin/Developer/brenobattaglin.com/App.tsx": {"path":"/Users/brenobattaglin/Developer/brenobattaglin.com/App.tsx","statementMap":{"0":{"start":{"line":8,"column":22},"end":{"line":29,"column":null}},"1":{"start":{"line":9,"column":30},"end":{"line":9,"column":null}},"2":{"start":{"line":11,"column":2},"end":{"line":14,"column":null}},"3":{"start":{"line":12,"column":18},"end":{"line":12,"column":null}},"4":{"start":{"line":12,"column":35},"end":{"line":12,"column":54}},"5":{"start":{"line":13,"column":4},"end":{"line":13,"column":null}},"6":{"start":{"line":13,"column":17},"end":{"line":13,"column":null}},"7":{"start":{"line":16,"column":2},"end":{"line":27,"column":null}}},"fnMap":{"0":{"name":"(anonymous_0)","decl":{"start":{"line":8,"column":22},"end":{"line":8,"column":28}},"loc":{"start":{"line":8,"column":28},"end":{"line":29,"column":null}},"line":8},"1":{"name":"(anonymous_1)","decl":{"start":{"line":11,"column":12},"end":{"line":11,"column":18}},"loc":{"start":{"line":11,"column":18},"end":{"line":14,"column":5}},"line":11},"2":{"name":"(anonymous_2)","decl":{"start":{"line":12,"column":29},"end":{"line":12,"column":35}},"loc":{"start":{"line":12,"column":35},"end":{"line":12,"column":54}},"line":12},"3":{"name":"(anonymous_3)","decl":{"start":{"line":13,"column":11},"end":{"line":13,"column":17}},"loc":{"start":{"line":13,"column":17},"end":{"line":13,"column":null}},"line":13}},"branchMap":{"0":{"loc":{"start":{"line":18,"column":126},"end":{"line":18,"column":164}},"type":"cond-expr","locations":[{"start":{"line":18,"column":137},"end":{"line":18,"column":153}},{"start":{"line":18,"column":153},"end":{"line":18,"column":164}}],"line":18}},"s":{"0":1,"1":2,"2":2,"3":1,"4":1,"5":1,"6":1,"7":2},"f":{"0":2,"1":1,"2":1,"3":1},"b":{"0":[1,1]},"meta":{"lastBranch":1,"lastFunction":4,"lastStatement":8,"seen":{"s:8:22:29:Infinity":0,"f:8:22:8:28":0,"s:9:30:9:Infinity":1,"s:11:2:14:Infinity":2,"f:11:12:11:18":1,"s:12:18:12:Infinity":3,"f:12:29:12:35":2,"s:12:35:12:54":4,"s:13:4:13:Infinity":5,"f:13:11:13:17":3,"s:13:17:13:Infinity":6,"s:16:2:27:Infinity":7,"b:18:137:18:153:18:153:18:164":0}}}
,"/Users/brenobattaglin/Developer/brenobattaglin.com/index.tsx": {"path":"/Users/brenobattaglin/Developer/brenobattaglin.com/index.tsx","statementMap":{"0":{"start":{"line":6,"column":20},"end":{"line":6,"column":null}},"1":{"start":{"line":8,"column":0},"end":{"line":10,"column":null}},"2":{"start":{"line":9,"column":2},"end":{"line":9,"column":null}},"3":{"start":{"line":12,"column":0},"end":{"line":16,"column":null}}},"fnMap":{},"branchMap":{"0":{"loc":{"start":{"line":8,"column":0},"end":{"line":10,"column":null}},"type":"if","locations":[{"start":{"line":8,"column":0},"end":{"line":10,"column":null}},{"start":{},"end":{}}],"line":8}},"s":{"0":0,"1":0,"2":0,"3":0},"f":{},"b":{"0":[0,0]},"meta":{"lastBranch":1,"lastFunction":0,"lastStatement":4,"seen":{"s:6:20:6:Infinity":0,"b:8:0:10:Infinity:undefined:undefined:undefined:undefined":0,"s:8:0:10:Infinity":1,"s:9:2:9:Infinity":2,"s:12:0:16:Infinity":3}}}
,"/Users/brenobattaglin/Developer/brenobattaglin.com/components/About.tsx": {"path":"/Users/brenobattaglin/Developer/brenobattaglin.com/components/About.tsx","statementMap":{"0":{"start":{"line":12,"column":26},"end":{"line":19,"column":null}},"1":{"start":{"line":14,"column":4},"end":{"line":14,"column":null}},"2":{"start":{"line":16,"column":4},"end":{"line":16,"column":null}},"3":{"start":{"line":18,"column":4},"end":{"line":18,"column":null}},"4":{"start":{"line":21,"column":49},"end":{"line":40,"column":null}},"5":{"start":{"line":28,"column":2},"end":{"line":40,"column":null}},"6":{"start":{"line":43,"column":58},"end":{"line":53,"column":null}},"7":{"start":{"line":44,"column":2},"end":{"line":53,"column":null}},"8":{"start":{"line":56,"column":34},"end":{"line":62,"column":null}},"9":{"start":{"line":57,"column":2},"end":{"line":62,"column":null}},"10":{"start":{"line":65,"column":31},"end":{"line":68,"column":null}},"11":{"start":{"line":66,"column":2},"end":{"line":68,"column":null}},"12":{"start":{"line":71,"column":30},"end":{"line":117,"column":null}},"13":{"start":{"line":72,"column":32},"end":{"line":72,"column":null}},"14":{"start":{"line":74,"column":2},"end":{"line":115,"column":null}}},"fnMap":{"0":{"name":"(anonymous_0)","decl":{"start":{"line":13,"column":12},"end":{"line":13,"column":13}},"loc":{"start":{"line":14,"column":4},"end":{"line":14,"column":null}},"line":14},"1":{"name":"(anonymous_1)","decl":{"start":{"line":15,"column":15},"end":{"line":15,"column":16}},"loc":{"start":{"line":16,"column":4},"end":{"line":16,"column":null}},"line":16},"2":{"name":"(anonymous_2)","decl":{"start":{"line":17,"column":11},"end":{"line":17,"column":12}},"loc":{"start":{"line":18,"column":4},"end":{"line":18,"column":null}},"line":18},"3":{"name":"(anonymous_3)","decl":{"start":{"line":21,"column":49},"end":{"line":21,"column":50}},"loc":{"start":{"line":28,"column":2},"end":{"line":40,"column":null}},"line":28},"4":{"name":"(anonymous_4)","decl":{"start":{"line":43,"column":58},"end":{"line":43,"column":59}},"loc":{"start":{"line":44,"column":2},"end":{"line":53,"column":null}},"line":44},"5":{"name":"(anonymous_5)","decl":{"start":{"line":56,"column":34},"end":{"line":56,"column":null}},"loc":{"start":{"line":57,"column":2},"end":{"line":62,"column":null}},"line":57},"6":{"name":"(anonymous_6)","decl":{"start":{"line":65,"column":31},"end":{"line":65,"column":null}},"loc":{"start":{"line":66,"column":2},"end":{"line":68,"column":null}},"line":66},"7":{"name":"(anonymous_7)","decl":{"start":{"line":71,"column":30},"end":{"line":71,"column":36}},"loc":{"start":{"line":71,"column":36},"end":{"line":117,"column":null}},"line":71}},"branchMap":{"0":{"loc":{"start":{"line":14,"column":46},"end":{"line":14,"column":114}},"type":"cond-expr","locations":[{"start":{"line":14,"column":58},"end":{"line":14,"column":88}},{"start":{"line":14,"column":88},"end":{"line":14,"column":114}}],"line":14},"1":{"loc":{"start":{"line":16,"column":56},"end":{"line":16,"column":114}},"type":"cond-expr","locations":[{"start":{"line":16,"column":68},"end":{"line":16,"column":94}},{"start":{"line":16,"column":94},"end":{"line":16,"column":114}}],"line":16},"2":{"loc":{"start":{"line":18,"column":62},"end":{"line":18,"column":110}},"type":"cond-expr","locations":[{"start":{"line":18,"column":74},"end":{"line":18,"column":92}},{"start":{"line":18,"column":92},"end":{"line":18,"column":110}}],"line":18},"3":{"loc":{"start":{"line":25,"column":2},"end":{"line":25,"column":null}},"type":"default-arg","locations":[{"start":{"line":25,"column":13},"end":{"line":25,"column":null}}],"line":25},"4":{"loc":{"start":{"line":26,"column":2},"end":{"line":26,"column":null}},"type":"default-arg","locations":[{"start":{"line":26,"column":10},"end":{"line":26,"column":null}}],"line":26},"5":{"loc":{"start":{"line":29,"column":38},"end":{"line":29,"column":74}},"type":"cond-expr","locations":[{"start":{"line":29,"column":58},"end":{"line":29,"column":72}},{"start":{"line":29,"column":72},"end":{"line":29,"column":74}}],"line":29},"6":{"loc":{"start":{"line":36,"column":61},"end":{"line":36,"column":92}},"type":"cond-expr","locations":[{"start":{"line":36,"column":72},"end":{"line":36,"column":90}},{"start":{"line":36,"column":90},"end":{"line":36,"column":92}}],"line":36}},"s":{"0":2,"1":7,"2":7,"3":7,"4":2,"5":8,"6":2,"7":7,"8":2,"9":7,"10":2,"11":7,"12":2,"13":7,"14":7},"f":{"0":7,"1":7,"2":7,"3":8,"4":7,"5":7,"6":7,"7":7},"b":{"0":[5,2],"1":[5,2],"2":[5,2],"3":[8],"4":[8],"5":[1,7],"6":[1,7]},"meta":{"lastBranch":7,"lastFunction":8,"lastStatement":15,"seen":{"s:12:26:19:Infinity":0,"f:13:12:13:13":0,"s:14:4:14:Infinity":1,"b:14:58:14:88:14:88:14:114":0,"f:15:15:15:16":1,"s:16:4:16:Infinity":2,"b:16:68:16:94:16:94:16:114":1,"f:17:11:17:12":2,"s:18:4:18:Infinity":3,"b:18:74:18:92:18:92:18:110":2,"s:21:49:40:Infinity":4,"f:21:49:21:50":3,"s:28:2:40:Infinity":5,"b:25:13:25:Infinity":3,"b:26:10:26:Infinity":4,"b:29:58:29:72:29:72:29:74":5,"b:36:72:36:90:36:90:36:92":6,"s:43:58:53:Infinity":6,"f:43:58:43:59":4,"s:44:2:53:Infinity":7,"s:56:34:62:Infinity":8,"f:56:34:56:Infinity":5,"s:57:2:62:Infinity":9,"s:65:31:68:Infinity":10,"f:65:31:65:Infinity":6,"s:66:2:68:Infinity":11,"s:71:30:117:Infinity":12,"f:71:30:71:36":7,"s:72:32:72:Infinity":13,"s:74:2:115:Infinity":14}}}
,"/Users/brenobattaglin/Developer/brenobattaglin.com/components/Contact.tsx": {"path":"/Users/brenobattaglin/Developer/brenobattaglin.com/components/Contact.tsx","statementMap":{"0":{"start":{"line":6,"column":26},"end":{"line":11,"column":null}},"1":{"start":{"line":8,"column":4},"end":{"line":8,"column":null}},"2":{"start":{"line":10,"column":4},"end":{"line":10,"column":null}},"3":{"start":{"line":13,"column":21},"end":{"line":13,"column":null}},"4":{"start":{"line":14,"column":22},"end":{"line":14,"column":null}},"5":{"start":{"line":16,"column":36},"end":{"line":19,"column":null}},"6":{"start":{"line":17,"column":2},"end":{"line":19,"column":null}},"7":{"start":{"line":22,"column":56},"end":{"line":34,"column":null}},"8":{"start":{"line":23,"column":2},"end":{"line":34,"column":null}},"9":{"start":{"line":37,"column":33},"end":{"line":50,"column":null}},"10":{"start":{"line":38,"column":2},"end":{"line":50,"column":null}},"11":{"start":{"line":53,"column":30},"end":{"line":64,"column":null}},"12":{"start":{"line":54,"column":2},"end":{"line":64,"column":null}},"13":{"start":{"line":67,"column":33},"end":{"line":106,"column":null}},"14":{"start":{"line":68,"column":32},"end":{"line":68,"column":null}},"15":{"start":{"line":70,"column":2},"end":{"line":104,"column":null}}},"fnMap":{"0":{"name":"(anonymous_0)","decl":{"start":{"line":7,"column":12},"end":{"line":7,"column":13}},"loc":{"start":{"line":8,"column":4},"end":{"line":8,"column":null}},"line":8},"1":{"name":"(anonymous_1)","decl":{"start":{"line":9,"column":15},"end":{"line":9,"column":16}},"loc":{"start":{"line":10,"column":4},"end":{"line":10,"column":null}},"line":10},"2":{"name":"(anonymous_2)","decl":{"start":{"line":16,"column":36},"end":{"line":16,"column":null}},"loc":{"start":{"line":17,"column":2},"end":{"line":19,"column":null}},"line":17},"3":{"name":"(anonymous_3)","decl":{"start":{"line":22,"column":56},"end":{"line":22,"column":57}},"loc":{"start":{"line":23,"column":2},"end":{"line":34,"column":null}},"line":23},"4":{"name":"(anonymous_4)","decl":{"start":{"line":37,"column":33},"end":{"line":37,"column":null}},"loc":{"start":{"line":38,"column":2},"end":{"line":50,"column":null}},"line":38},"5":{"name":"(anonymous_5)","decl":{"start":{"line":53,"column":30},"end":{"line":53,"column":null}},"loc":{"start":{"line":54,"column":2},"end":{"line":64,"column":null}},"line":54},"6":{"name":"(anonymous_6)","decl":{"start":{"line":67,"column":33},"end":{"line":67,"column":39}},"loc":{"start":{"line":67,"column":39},"end":{"line":106,"column":null}},"line":67}},"branchMap":{"0":{"loc":{"start":{"line":8,"column":46},"end":{"line":8,"column":114}},"type":"cond-expr","locations":[{"start":{"line":8,"column":58},"end":{"line":8,"column":88}},{"start":{"line":8,"column":88},"end":{"line":8,"column":114}}],"line":8},"1":{"loc":{"start":{"line":10,"column":55},"end":{"line":10,"column":113}},"type":"cond-expr","locations":[{"start":{"line":10,"column":67},"end":{"line":10,"column":93}},{"start":{"line":10,"column":93},"end":{"line":10,"column":113}}],"line":10}},"s":{"0":2,"1":7,"2":7,"3":2,"4":2,"5":2,"6":7,"7":2,"8":7,"9":2,"10":7,"11":2,"12":7,"13":2,"14":7,"15":7},"f":{"0":7,"1":7,"2":7,"3":7,"4":7,"5":7,"6":7},"b":{"0":[5,2],"1":[5,2]},"meta":{"lastBranch":2,"lastFunction":7,"lastStatement":16,"seen":{"s:6:26:11:Infinity":0,"f:7:12:7:13":0,"s:8:4:8:Infinity":1,"b:8:58:8:88:8:88:8:114":0,"f:9:15:9:16":1,"s:10:4:10:Infinity":2,"b:10:67:10:93:10:93:10:113":1,"s:13:21:13:Infinity":3,"s:14:22:14:Infinity":4,"s:16:36:19:Infinity":5,"f:16:36:16:Infinity":2,"s:17:2:19:Infinity":6,"s:22:56:34:Infinity":7,"f:22:56:22:57":3,"s:23:2:34:Infinity":8,"s:37:33:50:Infinity":9,"f:37:33:37:Infinity":4,"s:38:2:50:Infinity":10,"s:53:30:64:Infinity":11,"f:53:30:53:Infinity":5,"s:54:2:64:Infinity":12,"s:67:33:106:Infinity":13,"f:67:33:67:39":6,"s:68:32:68:Infinity":14,"s:70:2:104:Infinity":15}}}
,"/Users/brenobattaglin/Developer/brenobattaglin.com/components/Footer.tsx": {"path":"/Users/brenobattaglin/Developer/brenobattaglin.com/components/Footer.tsx","statementMap":{"0":{"start":{"line":8,"column":35},"end":{"line":11,"column":null}},"1":{"start":{"line":13,"column":23},"end":{"line":13,"column":null}},"2":{"start":{"line":15,"column":45},"end":{"line":23,"column":null}},"3":{"start":{"line":16,"column":2},"end":{"line":23,"column":null}},"4":{"start":{"line":26,"column":28},"end":{"line":31,"column":null}},"5":{"start":{"line":27,"column":2},"end":{"line":31,"column":null}},"6":{"start":{"line":34,"column":32},"end":{"line":47,"column":null}},"7":{"start":{"line":35,"column":2},"end":{"line":45,"column":null}},"8":{"start":{"line":41,"column":12},"end":{"line":41,"column":null}}},"fnMap":{"0":{"name":"(anonymous_0)","decl":{"start":{"line":15,"column":45},"end":{"line":15,"column":46}},"loc":{"start":{"line":16,"column":2},"end":{"line":23,"column":null}},"line":16},"1":{"name":"(anonymous_1)","decl":{"start":{"line":26,"column":28},"end":{"line":26,"column":null}},"loc":{"start":{"line":27,"column":2},"end":{"line":31,"column":null}},"line":27},"2":{"name":"(anonymous_2)","decl":{"start":{"line":34,"column":32},"end":{"line":34,"column":38}},"loc":{"start":{"line":34,"column":38},"end":{"line":47,"column":null}},"line":34},"3":{"name":"(anonymous_3)","decl":{"start":{"line":40,"column":28},"end":{"line":40,"column":29}},"loc":{"start":{"line":41,"column":12},"end":{"line":41,"column":null}},"line":41}},"branchMap":{},"s":{"0":2,"1":2,"2":2,"3":10,"4":2,"5":5,"6":2,"7":5,"8":10},"f":{"0":10,"1":5,"2":5,"3":10},"b":{},"meta":{"lastBranch":0,"lastFunction":4,"lastStatement":9,"seen":{"s:8:35:11:Infinity":0,"s:13:23:13:Infinity":1,"s:15:45:23:Infinity":2,"f:15:45:15:46":0,"s:16:2:23:Infinity":3,"s:26:28:31:Infinity":4,"f:26:28:26:Infinity":1,"s:27:2:31:Infinity":5,"s:34:32:47:Infinity":6,"f:34:32:34:38":2,"s:35:2:45:Infinity":7,"f:40:28:40:29":3,"s:41:12:41:Infinity":8}}}
,"/Users/brenobattaglin/Developer/brenobattaglin.com/components/Header.tsx": {"path":"/Users/brenobattaglin/Developer/brenobattaglin.com/components/Header.tsx","statementMap":{"0":{"start":{"line":8,"column":34},"end":{"line":12,"column":null}},"1":{"start":{"line":14,"column":40},"end":{"line":45,"column":null}},"2":{"start":{"line":15,"column":22},"end":{"line":31,"column":null}},"3":{"start":{"line":16,"column":4},"end":{"line":16,"column":null}},"4":{"start":{"line":17,"column":21},"end":{"line":17,"column":null}},"5":{"start":{"line":18,"column":26},"end":{"line":18,"column":null}},"6":{"start":{"line":20,"column":4},"end":{"line":30,"column":null}},"7":{"start":{"line":21,"column":27},"end":{"line":21,"column":null}},"8":{"start":{"line":22,"column":30},"end":{"line":22,"column":null}},"9":{"start":{"line":24,"column":8},"end":{"line":24,"column":null}},"10":{"start":{"line":26,"column":6},"end":{"line":29,"column":null}},"11":{"start":{"line":33,"column":2},"end":{"line":43,"column":null}},"12":{"start":{"line":47,"column":32},"end":{"line":59,"column":null}},"13":{"start":{"line":48,"column":2},"end":{"line":57,"column":null}},"14":{"start":{"line":53,"column":12},"end":{"line":53,"column":null}}},"fnMap":{"0":{"name":"(anonymous_0)","decl":{"start":{"line":14,"column":40},"end":{"line":14,"column":41}},"loc":{"start":{"line":14,"column":61},"end":{"line":45,"column":null}},"line":14},"1":{"name":"(anonymous_1)","decl":{"start":{"line":15,"column":22},"end":{"line":15,"column":23}},"loc":{"start":{"line":15,"column":66},"end":{"line":31,"column":null}},"line":15},"2":{"name":"(anonymous_2)","decl":{"start":{"line":47,"column":32},"end":{"line":47,"column":38}},"loc":{"start":{"line":47,"column":38},"end":{"line":59,"column":null}},"line":47},"3":{"name":"(anonymous_3)","decl":{"start":{"line":52,"column":25},"end":{"line":52,"column":26}},"loc":{"start":{"line":53,"column":12},"end":{"line":53,"column":null}},"line":53}},"branchMap":{"0":{"loc":{"start":{"line":20,"column":4},"end":{"line":30,"column":null}},"type":"if","locations":[{"start":{"line":20,"column":4},"end":{"line":30,"column":null}},{"start":{},"end":{}}],"line":20}},"s":{"0":2,"1":2,"2":18,"3":2,"4":2,"5":2,"6":2,"7":1,"8":1,"9":1,"10":1,"11":18,"12":2,"13":6,"14":18},"f":{"0":18,"1":2,"2":6,"3":18},"b":{"0":[1,1]},"meta":{"lastBranch":1,"lastFunction":4,"lastStatement":15,"seen":{"s:8:34:12:Infinity":0,"s:14:40:45:Infinity":1,"f:14:40:14:41":0,"s:15:22:31:Infinity":2,"f:15:22:15:23":1,"s:16:4:16:Infinity":3,"s:17:21:17:Infinity":4,"s:18:26:18:Infinity":5,"b:20:4:30:Infinity:undefined:undefined:undefined:undefined":0,"s:20:4:30:Infinity":6,"s:21:27:21:Infinity":7,"s:22:30:22:Infinity":8,"s:24:8:24:Infinity":9,"s:26:6:29:Infinity":10,"s:33:2:43:Infinity":11,"s:47:32:59:Infinity":12,"f:47:32:47:38":2,"s:48:2:57:Infinity":13,"f:52:25:52:26":3,"s:53:12:53:Infinity":14}}}
,"/Users/brenobattaglin/Developer/brenobattaglin.com/components/WorkItem.tsx": {"path":"/Users/brenobattaglin/Developer/brenobattaglin.com/components/WorkItem.tsx","statementMap":{"0":{"start":{"line":17,"column":26},"end":{"line":22,"column":null}},"1":{"start":{"line":19,"column":4},"end":{"line":21,"column":null}},"2":{"start":{"line":24,"column":50},"end":{"line":27,"column":null}},"3":{"start":{"line":25,"column":2},"end":{"line":27,"column":null}},"4":{"start":{"line":30,"column":76},"end":{"line":39,"column":null}},"5":{"start":{"line":34,"column":2},"end":{"line":39,"column":null}},"6":{"start":{"line":42,"column":49},"end":{"line":64,"column":null}},"7":{"start":{"line":43,"column":32},"end":{"line":43,"column":null}},"8":{"start":{"line":45,"column":22},"end":{"line":47,"column":null}},"9":{"start":{"line":46,"column":4},"end":{"line":46,"column":null}},"10":{"start":{"line":49,"column":2},"end":{"line":62,"column":null}}},"fnMap":{"0":{"name":"(anonymous_0)","decl":{"start":{"line":18,"column":13},"end":{"line":18,"column":14}},"loc":{"start":{"line":19,"column":4},"end":{"line":21,"column":null}},"line":19},"1":{"name":"(anonymous_1)","decl":{"start":{"line":24,"column":50},"end":{"line":24,"column":51}},"loc":{"start":{"line":25,"column":2},"end":{"line":27,"column":null}},"line":25},"2":{"name":"(anonymous_2)","decl":{"start":{"line":30,"column":76},"end":{"line":30,"column":77}},"loc":{"start":{"line":34,"column":2},"end":{"line":39,"column":null}},"line":34},"3":{"name":"(anonymous_3)","decl":{"start":{"line":42,"column":49},"end":{"line":42,"column":50}},"loc":{"start":{"line":42,"column":66},"end":{"line":64,"column":null}},"line":42},"4":{"name":"(anonymous_4)","decl":{"start":{"line":45,"column":22},"end":{"line":45,"column":28}},"loc":{"start":{"line":45,"column":28},"end":{"line":47,"column":null}},"line":45}},"branchMap":{"0":{"loc":{"start":{"line":20,"column":6},"end":{"line":20,"column":null}},"type":"cond-expr","locations":[{"start":{"line":20,"column":18},"end":{"line":20,"column":48}},{"start":{"line":20,"column":48},"end":{"line":20,"column":null}}],"line":20}},"s":{"0":2,"1":24,"2":2,"3":24,"4":2,"5":24,"6":2,"7":24,"8":24,"9":1,"10":24},"f":{"0":24,"1":24,"2":24,"3":24,"4":1},"b":{"0":[16,8]},"meta":{"lastBranch":1,"lastFunction":5,"lastStatement":11,"seen":{"s:17:26:22:Infinity":0,"f:18:13:18:14":0,"s:19:4:21:Infinity":1,"b:20:18:20:48:20:48:20:Infinity":0,"s:24:50:27:Infinity":2,"f:24:50:24:51":1,"s:25:2:27:Infinity":3,"s:30:76:39:Infinity":4,"f:30:76:30:77":2,"s:34:2:39:Infinity":5,"s:42:49:64:Infinity":6,"f:42:49:42:50":3,"s:43:32:43:Infinity":7,"s:45:22:47:Infinity":8,"f:45:22:45:28":4,"s:46:4:46:Infinity":9,"s:49:2:62:Infinity":10}}}
,"/Users/brenobattaglin/Developer/brenobattaglin.com/components/WorkList.tsx": {"path":"/Users/brenobattaglin/Developer/brenobattaglin.com/components/WorkList.tsx","statementMap":{"0":{"start":{"line":5,"column":17},"end":{"line":34,"column":null}},"1":{"start":{"line":36,"column":34},"end":{"line":66,"column":null}},"2":{"start":{"line":37,"column":32},"end":{"line":37,"column":null}},"3":{"start":{"line":39,"column":2},"end":{"line":64,"column":null}},"4":{"start":{"line":61,"column":10},"end":{"line":61,"column":null}}},"fnMap":{"0":{"name":"(anonymous_0)","decl":{"start":{"line":36,"column":34},"end":{"line":36,"column":40}},"loc":{"start":{"line":36,"column":40},"end":{"line":66,"column":null}},"line":36},"1":{"name":"(anonymous_1)","decl":{"start":{"line":60,"column":22},"end":{"line":60,"column":23}},"loc":{"start":{"line":61,"column":10},"end":{"line":61,"column":null}},"line":61}},"branchMap":{"0":{"loc":{"start":{"line":43,"column":123},"end":{"line":43,"column":162}},"type":"cond-expr","locations":[{"start":{"line":43,"column":135},"end":{"line":43,"column":151}},{"start":{"line":43,"column":151},"end":{"line":43,"column":162}}],"line":43}},"s":{"0":2,"1":2,"2":6,"3":6,"4":24},"f":{"0":6,"1":24},"b":{"0":[4,2]},"meta":{"lastBranch":1,"lastFunction":2,"lastStatement":5,"seen":{"s:5:17:34:Infinity":0,"s:36:34:66:Infinity":1,"f:36:34:36:40":0,"s:37:32:37:Infinity":2,"s:39:2:64:Infinity":3,"b:43:135:43:151:43:151:43:162":0,"f:60:22:60:23":1,"s:61:10:61:Infinity":4}}}
,"/Users/brenobattaglin/Developer/brenobattaglin.com/components/icons/BriefcaseIcon.tsx": {"path":"/Users/brenobattaglin/Developer/brenobattaglin.com/components/icons/BriefcaseIcon.tsx","statementMap":{"0":{"start":{"line":7,"column":59},"end":{"line":24,"column":null}},"1":{"start":{"line":8,"column":2},"end":{"line":22,"column":null}}},"fnMap":{"0":{"name":"(anonymous_0)","decl":{"start":{"line":7,"column":59},"end":{"line":7,"column":60}},"loc":{"start":{"line":7,"column":78},"end":{"line":24,"column":null}},"line":7}},"branchMap":{},"s":{"0":2,"1":7},"f":{"0":7},"b":{},"meta":{"lastBranch":0,"lastFunction":1,"lastStatement":2,"seen":{"s:7:59:24:Infinity":0,"f:7:59:7:60":0,"s:8:2:22:Infinity":1}}}
,"/Users/brenobattaglin/Developer/brenobattaglin.com/components/icons/MailIcon.tsx": {"path":"/Users/brenobattaglin/Developer/brenobattaglin.com/components/icons/MailIcon.tsx","statementMap":{"0":{"start":{"line":7,"column":49},"end":{"line":24,"column":null}},"1":{"start":{"line":8,"column":2},"end":{"line":22,"column":null}}},"fnMap":{"0":{"name":"(anonymous_0)","decl":{"start":{"line":7,"column":49},"end":{"line":7,"column":50}},"loc":{"start":{"line":7,"column":68},"end":{"line":24,"column":null}},"line":7}},"branchMap":{},"s":{"0":2,"1":7},"f":{"0":7},"b":{},"meta":{"lastBranch":0,"lastFunction":1,"lastStatement":2,"seen":{"s:7:49:24:Infinity":0,"f:7:49:7:50":0,"s:8:2:22:Infinity":1}}}
,"/Users/brenobattaglin/Developer/brenobattaglin.com/hooks/useIntersectionObserver.ts": {"path":"/Users/brenobattaglin/Developer/brenobattaglin.com/hooks/useIntersectionObserver.ts","statementMap":{"0":{"start":{"line":3,"column":39},"end":{"line":33,"column":null}},"1":{"start":{"line":6,"column":8},"end":{"line":6,"column":null}},"2":{"start":{"line":7,"column":32},"end":{"line":7,"column":null}},"3":{"start":{"line":9,"column":2},"end":{"line":30,"column":null}},"4":{"start":{"line":10,"column":21},"end":{"line":18,"column":null}},"5":{"start":{"line":11,"column":6},"end":{"line":17,"column":null}},"6":{"start":{"line":12,"column":8},"end":{"line":12,"column":null}},"7":{"start":{"line":14,"column":8},"end":{"line":16,"column":null}},"8":{"start":{"line":15,"column":10},"end":{"line":15,"column":null}},"9":{"start":{"line":20,"column":27},"end":{"line":20,"column":null}},"10":{"start":{"line":21,"column":4},"end":{"line":23,"column":null}},"11":{"start":{"line":22,"column":6},"end":{"line":22,"column":null}},"12":{"start":{"line":25,"column":4},"end":{"line":29,"column":null}},"13":{"start":{"line":26,"column":6},"end":{"line":28,"column":null}},"14":{"start":{"line":27,"column":8},"end":{"line":27,"column":null}},"15":{"start":{"line":32,"column":2},"end":{"line":32,"column":null}}},"fnMap":{"0":{"name":"(anonymous_0)","decl":{"start":{"line":3,"column":39},"end":{"line":3,"column":null}},"loc":{"start":{"line":5,"column":5},"end":{"line":33,"column":null}},"line":5},"1":{"name":"(anonymous_1)","decl":{"start":{"line":9,"column":12},"end":{"line":9,"column":18}},"loc":{"start":{"line":9,"column":18},"end":{"line":30,"column":5}},"line":9},"2":{"name":"(anonymous_2)","decl":{"start":{"line":10,"column":46},"end":{"line":10,"column":47}},"loc":{"start":{"line":10,"column":59},"end":{"line":18,"column":7}},"line":10},"3":{"name":"(anonymous_3)","decl":{"start":{"line":25,"column":11},"end":{"line":25,"column":17}},"loc":{"start":{"line":25,"column":17},"end":{"line":29,"column":null}},"line":25}},"branchMap":{"0":{"loc":{"start":{"line":4,"column":2},"end":{"line":4,"column":null}},"type":"default-arg","locations":[{"start":{"line":4,"column":38},"end":{"line":4,"column":null}}],"line":4},"1":{"loc":{"start":{"line":11,"column":6},"end":{"line":17,"column":null}},"type":"if","locations":[{"start":{"line":11,"column":6},"end":{"line":17,"column":null}},{"start":{},"end":{}}],"line":11},"2":{"loc":{"start":{"line":14,"column":8},"end":{"line":16,"column":null}},"type":"if","locations":[{"start":{"line":14,"column":8},"end":{"line":16,"column":null}},{"start":{},"end":{}}],"line":14},"3":{"loc":{"start":{"line":21,"column":4},"end":{"line":23,"column":null}},"type":"if","locations":[{"start":{"line":21,"column":4},"end":{"line":23,"column":null}},{"start":{},"end":{}}],"line":21},"4":{"loc":{"start":{"line":26,"column":6},"end":{"line":28,"column":null}},"type":"if","locations":[{"start":{"line":26,"column":6},"end":{"line":28,"column":null}},{"start":{},"end":{}}],"line":26}},"s":{"0":2,"1":18,"2":18,"3":18,"4":17,"5":2,"6":1,"7":1,"8":1,"9":17,"10":17,"11":15,"12":17,"13":17,"14":15,"15":18},"f":{"0":18,"1":17,"2":2,"3":17},"b":{"0":[18],"1":[1,1],"2":[1,0],"3":[15,2],"4":[15,2]},"meta":{"lastBranch":5,"lastFunction":4,"lastStatement":16,"seen":{"s:3:39:33:Infinity":0,"f:3:39:3:Infinity":0,"b:4:38:4:Infinity":0,"s:6:8:6:Infinity":1,"s:7:32:7:Infinity":2,"s:9:2:30:Infinity":3,"f:9:12:9:18":1,"s:10:21:18:Infinity":4,"f:10:46:10:47":2,"b:11:6:17:Infinity:undefined:undefined:undefined:undefined":1,"s:11:6:17:Infinity":5,"s:12:8:12:Infinity":6,"b:14:8:16:Infinity:undefined:undefined:undefined:undefined":2,"s:14:8:16:Infinity":7,"s:15:10:15:Infinity":8,"s:20:27:20:Infinity":9,"b:21:4:23:Infinity:undefined:undefined:undefined:undefined":3,"s:21:4:23:Infinity":10,"s:22:6:22:Infinity":11,"s:25:4:29:Infinity":12,"f:25:11:25:17":3,"b:26:6:28:Infinity:undefined:undefined:undefined:undefined":4,"s:26:6:28:Infinity":13,"s:27:8:27:Infinity":14,"s:32:2:32:Infinity":15}}}
}
